<?xml version="1.0" encoding="UTF-8"?>
<!-- Generated by org.testng.reporters.JUnitReportReporter -->
<testsuite skipped="0" hostname="Balajis-MBP.lan" name="classProgram.ListOmit2" tests="1" failures="0" timestamp="2022-12-05T16:01:32 CST" time="0.007" errors="0">
  <testcase name="test2" time="0.007" classname="classProgram.ListOmit2"/>
  <system-out/>
</testsuite> <!-- classProgram.ListOmit2 -->
