<?xml version="1.0" encoding="UTF-8"?>
<!-- Generated by org.testng.reporters.JUnitReportReporter -->
<testsuite skipped="0" hostname="Balajis-MBP.lan" name="classProgram.ListOmit2" tests="3" failures="0" timestamp="2022-12-05T15:52:35 CST" time="0.012" errors="0">
  <testcase name="test1" time="0.011" classname="classProgram.ListOmit2"/>
  <system-out/>
  <testcase name="test3" time="0.000" classname="classProgram.ListOmit2"/>
  <system-out/>
  <testcase name="test2" time="0.001" classname="classProgram.ListOmit2"/>
  <system-out/>
</testsuite> <!-- classProgram.ListOmit2 -->
